2023-02-22T09:42:26+00:00 CRITICAL Uncaught TypeError: implode(): Argument #2 ($array) must be of type ?array, string given in C:\MAMP\htdocs\P7\Chic_Dressing\wp-content\plugins\wysija-newsletters\helpers\file.php:161
Stack trace:
#0 C:\MAMP\htdocs\P7\Chic_Dressing\wp-content\plugins\wysija-newsletters\helpers\file.php(161): implode(Array, '|')
#1 C:\MAMP\htdocs\P7\Chic_Dressing\wp-content\plugins\wysija-newsletters\core\base.php(820): WYSIJA_help_file->clear()
#2 C:\MAMP\htdocs\P7\Chic_Dressing\wp-content\plugins\wysija-newsletters\helpers\cron.php(184): WYSIJA::croned_daily()
#3 C:\MAMP\htdocs\P7\Chic_Dressing\wp-content\plugins\wysija-newsletters\helpers\cron.php(120): WYSIJA_help_cron->run_scheduled_task('daily')
#4 C:\MAMP\htdocs\P7\Chic_Dressing\wp-content\plugins\wysija-newsletters\helpers\cron.php(56): WYSIJA_help_cron->check_scheduled_task(Array, 'daily')
#5 C:\MAMP\htdocs\P7\Chic_Dressing\wp-content\plugins\wysija-newsletters\core\base.php(1525): WYSIJA_help_cron->run()
#6 C:\MAMP\htdocs\P7\Chic_Dressing\wp-includes\class-wp-hook.php(308): init_wysija_cron('')
#7 C:\MAMP\htdocs\P7\Chic_Dressing\wp-includes\class-wp-hook.php(332): WP_Hook->apply_filters(NULL, Array)
#8 C:\MAMP\htdocs\P7\Chic_Dressing\wp-includes\plugin.php(517): WP_Hook->do_action(Array)
#9 C:\MAMP\htdocs\P7\Chic_Dressing\wp-settings.php(617): do_action('init')
#10 C:\MAMP\htdocs\P7\Chic_Dressing\wp-config.php(96): require_once('C:\\MAMP\\htdocs\\...')
#11 C:\MAMP\htdocs\P7\Chic_Dressing\wp-load.php(50): require_once('C:\\MAMP\\htdocs\\...')
#12 C:\MAMP\htdocs\P7\Chic_Dressing\wp-cron.php(46): require_once('C:\\MAMP\\htdocs\\...')
#13 {main}
  thrown dans C:\MAMP\htdocs\P7\Chic_Dressing\wp-content\plugins\wysija-newsletters\helpers\file.php à la ligne 161

2023-02-22T10:32:23+00:00 CRITICAL Uncaught Error: Call to undefined function opcache_reset() in C:\MAMP\htdocs\P7\Chic_Dressing\wp-content\plugins\nginx-helper\admin\class-fastcgi-purger.php:180
Stack trace:
#0 C:\MAMP\htdocs\P7\Chic_Dressing\wp-content\plugins\nginx-helper\admin\class-nginx-helper-admin.php(752): FastCGI_Purger->purge_all()
#1 C:\MAMP\htdocs\P7\Chic_Dressing\wp-includes\class-wp-hook.php(308): Nginx_Helper_Admin->purge_all('')
#2 C:\MAMP\htdocs\P7\Chic_Dressing\wp-includes\class-wp-hook.php(332): WP_Hook->apply_filters('', Array)
#3 C:\MAMP\htdocs\P7\Chic_Dressing\wp-includes\plugin.php(517): WP_Hook->do_action(Array)
#4 C:\MAMP\htdocs\P7\Chic_Dressing\wp-includes\class-wp-admin-bar.php(87): do_action('admin_bar_init')
#5 C:\MAMP\htdocs\P7\Chic_Dressing\wp-includes\admin-bar.php(49): WP_Admin_Bar->initialize()
#6 C:\MAMP\htdocs\P7\Chic_Dressing\wp-includes\class-wp-hook.php(308): _wp_admin_bar_init('')
#7 C:\MAMP\htdocs\P7\Chic_Dressing\wp-includes\class-wp-hook.php(332): WP_Hook->apply_filters(NULL, Array)
#8 C:\MAMP\htdocs\P7\Chic_Dressing\wp-includes\plugin.php(517): WP_Hook->do_action(Array)
#9 C:\MAMP\htdocs\P7\Chic_Dressing\wp-admin\admin.php(175): do_action('admin_init')
#10 {main}
  thrown dans C:\MAMP\htdocs\P7\Chic_Dressing\wp-content\plugins\nginx-helper\admin\class-fastcgi-purger.php à la ligne 180

2023-02-22T12:20:28+00:00 CRITICAL Uncaught Error: Call to undefined function opcache_reset() in C:\MAMP\htdocs\P7\Chic_Dressing\wp-content\plugins\nginx-helper\admin\class-fastcgi-purger.php:180
Stack trace:
#0 C:\MAMP\htdocs\P7\Chic_Dressing\wp-content\plugins\nginx-helper\admin\class-nginx-helper-admin.php(752): FastCGI_Purger->purge_all()
#1 C:\MAMP\htdocs\P7\Chic_Dressing\wp-includes\class-wp-hook.php(308): Nginx_Helper_Admin->purge_all('')
#2 C:\MAMP\htdocs\P7\Chic_Dressing\wp-includes\class-wp-hook.php(332): WP_Hook->apply_filters('', Array)
#3 C:\MAMP\htdocs\P7\Chic_Dressing\wp-includes\plugin.php(517): WP_Hook->do_action(Array)
#4 C:\MAMP\htdocs\P7\Chic_Dressing\wp-includes\class-wp-admin-bar.php(87): do_action('admin_bar_init')
#5 C:\MAMP\htdocs\P7\Chic_Dressing\wp-includes\admin-bar.php(49): WP_Admin_Bar->initialize()
#6 C:\MAMP\htdocs\P7\Chic_Dressing\wp-includes\class-wp-hook.php(308): _wp_admin_bar_init('')
#7 C:\MAMP\htdocs\P7\Chic_Dressing\wp-includes\class-wp-hook.php(332): WP_Hook->apply_filters(NULL, Array)
#8 C:\MAMP\htdocs\P7\Chic_Dressing\wp-includes\plugin.php(517): WP_Hook->do_action(Array)
#9 C:\MAMP\htdocs\P7\Chic_Dressing\wp-admin\admin.php(175): do_action('admin_init')
#10 C:\MAMP\htdocs\P7\Chic_Dressing\wp-admin\index.php(10): require_once('C:\\MAMP\\htdocs\\...')
#11 {main}
  thrown dans C:\MAMP\htdocs\P7\Chic_Dressing\wp-content\plugins\nginx-helper\admin\class-fastcgi-purger.php à la ligne 180

2023-02-22T15:08:15+00:00 CRITICAL Uncaught Error: Call to undefined function opcache_reset() in C:\MAMP\htdocs\P7\Chic_Dressing\wp-content\plugins\nginx-helper\admin\class-fastcgi-purger.php:180
Stack trace:
#0 C:\MAMP\htdocs\P7\Chic_Dressing\wp-content\plugins\nginx-helper\admin\class-nginx-helper-admin.php(752): FastCGI_Purger->purge_all()
#1 C:\MAMP\htdocs\P7\Chic_Dressing\wp-includes\class-wp-hook.php(308): Nginx_Helper_Admin->purge_all('')
#2 C:\MAMP\htdocs\P7\Chic_Dressing\wp-includes\class-wp-hook.php(332): WP_Hook->apply_filters('', Array)
#3 C:\MAMP\htdocs\P7\Chic_Dressing\wp-includes\plugin.php(517): WP_Hook->do_action(Array)
#4 C:\MAMP\htdocs\P7\Chic_Dressing\wp-includes\class-wp-admin-bar.php(87): do_action('admin_bar_init')
#5 C:\MAMP\htdocs\P7\Chic_Dressing\wp-includes\admin-bar.php(49): WP_Admin_Bar->initialize()
#6 C:\MAMP\htdocs\P7\Chic_Dressing\wp-includes\class-wp-hook.php(308): _wp_admin_bar_init('')
#7 C:\MAMP\htdocs\P7\Chic_Dressing\wp-includes\class-wp-hook.php(332): WP_Hook->apply_filters(NULL, Array)
#8 C:\MAMP\htdocs\P7\Chic_Dressing\wp-includes\plugin.php(517): WP_Hook->do_action(Array)
#9 C:\MAMP\htdocs\P7\Chic_Dressing\wp-admin\admin.php(175): do_action('admin_init')
#10 C:\MAMP\htdocs\P7\Chic_Dressing\wp-admin\options-general.php(10): require_once('C:\\MAMP\\htdocs\\...')
#11 {main}
  thrown dans C:\MAMP\htdocs\P7\Chic_Dressing\wp-content\plugins\nginx-helper\admin\class-fastcgi-purger.php à la ligne 180

